<?xml version="1.0" encoding="UTF-8"?>
<!-- Generated by org.testng.reporters.JUnitReportReporter -->
<testsuite hostname="DESKTOP-FI61DP1" failures="0" tests="4" name="Test_Ng.CrossB_test2" time="34.820" errors="0" timestamp="2023-06-19T23:12:23 IST" skipped="0">
  <testcase classname="Test_Ng.CrossB_test2" name="business" time="8.072"/>
  <testcase classname="Test_Ng.CrossB_test2" name="CreatePage" time="15.117"/>
  <testcase classname="Test_Ng.CrossB_test2" name="CreatePage" time="7.469"/>
  <testcase classname="Test_Ng.CrossB_test2" name="business" time="4.162"/>
</testsuite> <!-- Test_Ng.CrossB_test2 -->
