<?xml version="1.0" encoding="UTF-8"?>
<!-- Generated by org.testng.reporters.JUnitReportReporter -->
<testsuite hostname="DESKTOP-FI61DP1" failures="0" tests="2" name="Test_Ng.Test2" time="10.486" errors="0" timestamp="2023-06-15T09:58:37 IST" skipped="0">
  <testcase classname="Test_Ng.Test2" name="Create_Account" time="4.980"/>
  <testcase classname="Test_Ng.Test2" name="fb_login" time="5.506"/>
</testsuite> <!-- Test_Ng.Test2 -->
