<?xml version="1.0" encoding="UTF-8"?>
<!-- Generated by org.testng.reporters.JUnitReportReporter -->
<testsuite hostname="DESKTOP-FI61DP1" failures="0" tests="1" name="com.test_login.Guru_registration2" time="8.454" errors="0" timestamp="2023-06-25T02:48:22 IST" skipped="0">
  <testcase classname="com.test_login.Guru_registration2" name="Guru_Registration" time="8.454"/>
</testsuite> <!-- com.test_login.Guru_registration2 -->
