<?xml version="1.0" encoding="UTF-8"?>
<!-- Generated by org.testng.reporters.JUnitReportReporter -->
<testsuite hostname="DESKTOP-FI61DP1" failures="0" tests="1" name="com.PageObject.FB_login_Pom" time="9.719" errors="0" timestamp="2023-06-25T01:06:45 IST" skipped="0">
  <testcase classname="com.PageObject.FB_login_Pom" name="FB_login" time="9.719"/>
</testsuite> <!-- com.PageObject.FB_login_Pom -->
