<?xml version="1.0" encoding="UTF-8"?>
<!-- Generated by org.testng.reporters.JUnitReportReporter -->
<testsuite hostname="DESKTOP-FI61DP1" failures="0" tests="1" name="com.test_login.Guru_registration" time="8.558" errors="0" timestamp="2023-06-25T02:36:39 IST" skipped="0">
  <testcase classname="com.test_login.Guru_registration" name="Guru_Registration" time="8.558"/>
</testsuite> <!-- com.test_login.Guru_registration -->
