<?xml version="1.0" encoding="UTF-8"?>
<!-- Generated by org.testng.reporters.JUnitReportReporter -->
<testsuite hostname="DESKTOP-FI61DP1" failures="0" tests="3" name="Test_Ng.CrossB_test3" time="15.377" errors="0" timestamp="2023-06-19T23:12:23 IST" skipped="0">
  <testcase classname="Test_Ng.CrossB_test3" name="R2" time="5.159"/>
  <testcase classname="Test_Ng.CrossB_test3" name="R1" time="4.725"/>
  <testcase classname="Test_Ng.CrossB_test3" name="R3" time="5.493"/>
</testsuite> <!-- Test_Ng.CrossB_test3 -->
