<?xml version="1.0" encoding="UTF-8"?>
<!-- Generated by org.testng.reporters.JUnitReportReporter -->
<testsuite hostname="DESKTOP-FI61DP1" failures="0" tests="1" name="Test_Ng.Test3_registration" time="10.055" errors="0" timestamp="2023-06-15T09:58:37 IST" skipped="0">
  <testcase classname="Test_Ng.Test3_registration" name="registration" time="10.055"/>
</testsuite> <!-- Test_Ng.Test3_registration -->
