<?xml version="1.0" encoding="UTF-8"?>
<!-- Generated by org.testng.reporters.JUnitReportReporter -->
<testsuite hostname="DESKTOP-FI61DP1" failures="0" tests="1" name="Test_Ng.Test1" time="6.612" errors="0" timestamp="2023-06-19T14:39:25 IST" skipped="0">
  <testcase classname="Test_Ng.Test1" name="Test_case1" time="6.612"/>
</testsuite> <!-- Test_Ng.Test1 -->
