<?xml version="1.0" encoding="UTF-8"?>
<!-- Generated by org.testng.reporters.JUnitReportReporter -->
<testsuite hostname="DESKTOP-FI61DP1" failures="0" tests="4" name="Test_Ng.Test_group1" time="0.016" errors="0" timestamp="2023-06-19T10:10:55 IST" skipped="0">
  <testcase classname="Test_Ng.Test_group1" name="a3" time="0.002"/>
  <testcase classname="Test_Ng.Test_group1" name="a2" time="0.002"/>
  <testcase classname="Test_Ng.Test_group1" name="a1" time="0.010"/>
  <testcase classname="Test_Ng.Test_group1" name="a4" time="0.002"/>
</testsuite> <!-- Test_Ng.Test_group1 -->
