<?xml version="1.0" encoding="UTF-8"?>
<!-- Generated by org.testng.reporters.JUnitReportReporter -->
<testsuite hostname="DESKTOP-FI61DP1" failures="0" tests="1" name="Test_Ng.Task_Assert" time="13.322" errors="0" timestamp="2023-06-23T11:36:28 IST" skipped="0">
  <testcase classname="Test_Ng.Task_Assert" name="Registration" time="13.322"/>
</testsuite> <!-- Test_Ng.Task_Assert -->
