<?xml version="1.0" encoding="UTF-8"?>
<!-- Generated by org.testng.reporters.JUnitReportReporter -->
<testsuite hostname="DESKTOP-FI61DP1" failures="0" tests="4" name="Test_Ng.Test_Group3" time="0.004" errors="0" timestamp="2023-06-19T10:10:55 IST" skipped="0">
  <testcase classname="Test_Ng.Test_Group3" name="C2" time="0.001"/>
  <testcase classname="Test_Ng.Test_Group3" name="C4" time="0.001"/>
  <testcase classname="Test_Ng.Test_Group3" name="C1" time="0.001"/>
  <testcase classname="Test_Ng.Test_Group3" name="C3" time="0.001"/>
</testsuite> <!-- Test_Ng.Test_Group3 -->
