<?xml version="1.0" encoding="UTF-8"?>
<!-- Generated by org.testng.reporters.JUnitReportReporter -->
<testsuite hostname="DESKTOP-FI61DP1" failures="0" tests="2" name="Test_Ng.CrossB_test1" time="18.948" errors="0" timestamp="2023-06-19T23:12:23 IST" skipped="0">
  <testcase classname="Test_Ng.CrossB_test1" name="CreateAccount" time="5.409"/>
  <testcase classname="Test_Ng.CrossB_test1" name="SignUp" time="13.539"/>
</testsuite> <!-- Test_Ng.CrossB_test1 -->
