<?xml version="1.0" encoding="UTF-8"?>
<!-- Generated by org.testng.reporters.JUnitReportReporter -->
<testsuite hostname="DESKTOP-FI61DP1" failures="0" tests="1" name="Test_Ng.Assert3" time="0.004" errors="0" timestamp="2023-06-24T23:08:30 IST" skipped="0">
  <testcase classname="Test_Ng.Assert3" name="verifyHomePage" time="0.004"/>
</testsuite> <!-- Test_Ng.Assert3 -->
