<?xml version="1.0" encoding="UTF-8"?>
<!-- Generated by org.testng.reporters.JUnitReportReporter -->
<testsuite hostname="DESKTOP-FI61DP1" failures="0" tests="1" name="com.test_login.Verify_login2" time="3.891" errors="0" timestamp="2023-06-25T12:15:28 IST" skipped="0">
  <testcase classname="com.test_login.Verify_login2" name="FB_login" time="3.891"/>
</testsuite> <!-- com.test_login.Verify_login2 -->
